<?xml version="1.0" encoding="UTF-8"?>
<!-- Generated by org.testng.reporters.JUnitXMLReporter -->
<testsuite hostname="md2pyz3c" failures="0" tests="6" name="Test HomeLoanRepayment" time="84.976" errors="0" timestamp="1 Sep 2021 13:21:35 GMT">
  <testcase classname="com.commbank.HomeLoanRepayment.automation.tests.AllTests" name="HomePageScenarios" time="16.696"/>
  <testcase classname="com.commbank.HomeLoanRepayment.automation.tests.AllTests" name="HomeLoanRepaymentsScenarios" time="12.829"/>
  <testcase classname="com.commbank.HomeLoanRepayment.automation.tests.AllTests" name="HomeLoanRepaymentsScenarios" time="12.733"/>
  <testcase classname="com.commbank.HomeLoanRepayment.automation.tests.AllTests" name="HomeLoanRepaymentsScenarios" time="12.713"/>
  <testcase classname="com.commbank.HomeLoanRepayment.automation.tests.AllTests" name="HomeLoanRepaymentsScenarios" time="12.619"/>
  <testcase classname="com.commbank.HomeLoanRepayment.automation.tests.AllTests" name="HomeLoanRepaymentsScenarios" time="12.648"/>
</testsuite> <!-- Test HomeLoanRepayment -->
