<?xml version="1.0" encoding="UTF-8"?>
<testsuite xmlns:xsi="http://www.w3.org/2001/XMLSchema-instance" xsi:noNamespaceSchemaLocation="https://maven.apache.org/surefire/maven-surefire-plugin/xsd/surefire-test-report-3.0.xsd" version="3.0" name="TestSuite" time="28.454" tests="15" errors="0" skipped="12" failures="2">
  <properties>
[...]
</properties>
  <testcase name="testLogin" classname="com.siemens.APMLSA.automation.tests.AllTests" time="11.174"/>
  <testcase name="selectingFiltersInDashboard" classname="com.siemens.APMLSA.automation.tests.AllTests" time="1.335">
    <failure message="element click intercepted: Element &lt;button _ngcontent-rka-c102=&quot;&quot; type=&quot;button&quot; class=&quot;btn btn-outline-secondary rounded-0 sie-btn-cancel&quot; aria-expanded=&quot;false&quot;&gt;...&lt;/button&gt; is not clickable at point (117, 427). Other element would receive the click: &lt;div class=&quot;ui-blockui-document ui-blockui ui-widget-overlay&quot; style=&quot;display: block; z-index: 100001002;&quot;&gt;...&lt;/div&gt;&#10;  (Session info: chrome=84.0.4147.125)&#10;Build info: version: &apos;3.141.59&apos;, revision: &apos;e82be7d358&apos;, time: &apos;2018-11-14T08:17:03&apos;&#10;System info: host: &apos;MD2PYZ3C&apos;, ip: &apos;192.168.219.2&apos;, os.name: &apos;Windows 10&apos;, os.arch: &apos;amd64&apos;, os.version: &apos;10.0&apos;, java.version: &apos;1.8.0_251&apos;&#10;Driver info: org.openqa.selenium.chrome.ChromeDriver&#10;Capabilities {acceptInsecureCerts: false, browserName: chrome, browserVersion: 84.0.4147.125, chrome: {chromedriverVersion: 84.0.4147.30 (48b3e868b4cc0..., userDataDir: C:\Users\z0046zwe\AppData\L...}, goog:chromeOptions: {debuggerAddress: localhost:63494}, javascriptEnabled: true, networkConnectionEnabled: false, pageLoadStrategy: normal, platform: WINDOWS, platformName: WINDOWS, proxy: Proxy(), setWindowRect: true, strictFileInteractability: false, timeouts: {implicit: 0, pageLoad: 300000, script: 30000}, unhandledPromptBehavior: dismiss and notify, webauthn:virtualAuthenticators: true}&#10;Session ID: e6793f647517d2cf8cb1d16b36e8ba48" type="org.openqa.selenium.ElementClickInterceptedException"><![CDATA[org.openqa.selenium.ElementClickInterceptedException: 
element click intercepted: Element <button _ngcontent-rka-c102="" type="button" class="btn btn-outline-secondary rounded-0 sie-btn-cancel" aria-expanded="false">...</button> is not clickable at point (117, 427). Other element would receive the click: <div class="ui-blockui-document ui-blockui ui-widget-overlay" style="display: block; z-index: 100001002;">...</div>
  (Session info: chrome=84.0.4147.125)
Build info: version: '3.141.59', revision: 'e82be7d358', time: '2018-11-14T08:17:03'
System info: host: 'MD2PYZ3C', ip: '192.168.219.2', os.name: 'Windows 10', os.arch: 'amd64', os.version: '10.0', java.version: '1.8.0_251'
Driver info: org.openqa.selenium.chrome.ChromeDriver
Capabilities {acceptInsecureCerts: false, browserName: chrome, browserVersion: 84.0.4147.125, chrome: {chromedriverVersion: 84.0.4147.30 (48b3e868b4cc0..., userDataDir: C:\Users\z0046zwe\AppData\L...}, goog:chromeOptions: {debuggerAddress: localhost:63494}, javascriptEnabled: true, networkConnectionEnabled: false, pageLoadStrategy: normal, platform: WINDOWS, platformName: WINDOWS, proxy: Proxy(), setWindowRect: true, strictFileInteractability: false, timeouts: {implicit: 0, pageLoad: 300000, script: 30000}, unhandledPromptBehavior: dismiss and notify, webauthn:virtualAuthenticators: true}
Session ID: e6793f647517d2cf8cb1d16b36e8ba48
	at com.siemens.APMLSA.automation.tests.AllTests.selectingFiltersInDashboard(AllTests.java:48)
]]></failure>
    <system-out><![CDATA[onTestStart -->> selectingFiltersInDashboard
onTestFailure -->> selectingFiltersInDashboard
]]></system-out>
  </testcase>
  <testcase name="tearDown" classname="com.siemens.APMLSA.automation.tests.AllTests" time="5.268">
    <failure message="Unexpected result for screenshot command: null" type="java.lang.RuntimeException">java.lang.RuntimeException: Unexpected result for screenshot command: null
	at com.siemens.APMLSA.automation.tests.AllTests.tearDown(AllTests.java:146)
</failure>
    <system-err><![CDATA[[1598335567.444][WARNING]: screenshot failed, retrying disconnected: received Inspector.detached event
]]></system-err>
  </testcase>
  <testcase name="tearDown" classname="com.siemens.APMLSA.automation.tests.AllTests" time="0">
    <skipped/>
  </testcase>
  <testcase name="tearDown" classname="com.siemens.APMLSA.automation.tests.AllTests" time="0">
    <skipped/>
  </testcase>
  <testcase name="tearDown" classname="com.siemens.APMLSA.automation.tests.AllTests" time="0">
    <skipped/>
  </testcase>
  <testcase name="tearDown" classname="com.siemens.APMLSA.automation.tests.AllTests" time="0">
    <skipped/>
    <system-out><![CDATA[onFinish -->> Test APMLSA
]]></system-out>
  </testcase>
  <testcase name="extentLoggerInitializer" classname="com.siemens.APMLSA.automation.tests.AllTests" time="0">
    <skipped/>
  </testcase>
  <testcase name="extentLoggerInitializer" classname="com.siemens.APMLSA.automation.tests.AllTests" time="0">
    <skipped/>
  </testcase>
  <testcase name="extentLoggerInitializer" classname="com.siemens.APMLSA.automation.tests.AllTests" time="0">
    <skipped/>
  </testcase>
  <testcase name="GoldenBatchParameters" classname="com.siemens.APMLSA.automation.tests.AllTests" time="0">
    <skipped/>
    <system-out><![CDATA[onTestStart -->> GoldenBatchParameters
onTestSkipped -->> GoldenBatchParameters
]]></system-out>
  </testcase>
  <testcase name="SystemConfig" classname="com.siemens.APMLSA.automation.tests.AllTests" time="0">
    <skipped/>
    <system-out><![CDATA[onTestStart -->> SystemConfig
onTestSkipped -->> SystemConfig
]]></system-out>
  </testcase>
  <testcase name="UserConfig" classname="com.siemens.APMLSA.automation.tests.AllTests" time="0">
    <skipped/>
    <system-out><![CDATA[onTestStart -->> UserConfig
onTestSkipped -->> UserConfig
]]></system-out>
  </testcase>
  <testcase name="closeBrowser" classname="com.siemens.APMLSA.automation.tests.AllTests" time="0">
    <skipped/>
  </testcase>
  <testcase name="testClosure" classname="com.siemens.APMLSA.automation.tests.AllTests" time="0">
    <skipped/>
  </testcase>
</testsuite>