<?xml version="1.0" encoding="UTF-8"?>
<testng-results total="6" passed="6" failed="0" skipped="0">
  <reporter-output>
  </reporter-output>
  <suite started-at="2021-09-01T13:20:10Z" name="Suite" finished-at="2021-09-01T13:21:35Z" duration-ms="84976">
    <groups>
    </groups>
    <test started-at="2021-09-01T13:20:10Z" name="Test HomeLoanRepayment" finished-at="2021-09-01T13:21:35Z" duration-ms="84976">
      <class name="com.commbank.HomeLoanRepayment.automation.tests.AllTests">
        <test-method is-config="true" signature="initializeDriver()[pri:0, instance:com.commbank.HomeLoanRepayment.automation.tests.AllTests@7c9d8e2]" started-at="2021-09-01T18:50:05Z" name="initializeDriver" finished-at="2021-09-01T18:50:10Z" duration-ms="5098" status="PASS">
          <reporter-output>
          </reporter-output>
        </test-method> <!-- initializeDriver -->
        <test-method is-config="true" signature="testInitialize()[pri:0, instance:com.commbank.HomeLoanRepayment.automation.tests.AllTests@7c9d8e2]" started-at="2021-09-01T18:50:10Z" name="testInitialize" finished-at="2021-09-01T18:50:13Z" duration-ms="3256" status="PASS">
          <reporter-output>
          </reporter-output>
        </test-method> <!-- testInitialize -->
        <test-method is-config="true" signature="extentLoggerInitializer(java.lang.reflect.Method)[pri:0, instance:com.commbank.HomeLoanRepayment.automation.tests.AllTests@7c9d8e2]" started-at="2021-09-01T18:50:13Z" name="extentLoggerInitializer" finished-at="2021-09-01T18:50:13Z" duration-ms="18" status="PASS">
          <params>
            <param index="0">
              <value>
                <![CDATA[public void com.commbank.HomeLoanRepayment.automation.tests.AllTests.HomePageScenarios() throws java.io.IOException]]>
              </value>
            </param>
          </params>
          <reporter-output>
          </reporter-output>
        </test-method> <!-- extentLoggerInitializer -->
        <test-method signature="HomePageScenarios()[pri:0, instance:com.commbank.HomeLoanRepayment.automation.tests.AllTests@7c9d8e2]" started-at="2021-09-01T18:50:13Z" name="HomePageScenarios" finished-at="2021-09-01T18:50:30Z" duration-ms="16696" status="PASS">
          <reporter-output>
          </reporter-output>
        </test-method> <!-- HomePageScenarios -->
        <test-method is-config="true" signature="tearDown(org.testng.ITestResult)[pri:0, instance:com.commbank.HomeLoanRepayment.automation.tests.AllTests@7c9d8e2]" started-at="2021-09-01T18:50:30Z" name="tearDown" finished-at="2021-09-01T18:50:30Z" duration-ms="1" status="PASS">
          <params>
            <param index="0">
              <value>
                <![CDATA[[TestResult name=HomePageScenarios status=SUCCESS method=AllTests.HomePageScenarios()[pri:0, instance:com.commbank.HomeLoanRepayment.automation.tests.AllTests@7c9d8e2] output={null}]]]>
              </value>
            </param>
          </params>
          <reporter-output>
          </reporter-output>
        </test-method> <!-- tearDown -->
        <test-method signature="HomeLoanRepaymentsScenarios(java.lang.String)[pri:0, instance:com.commbank.HomeLoanRepayment.automation.tests.AllTests@7c9d8e2]" started-at="2021-09-01T18:50:30Z" name="HomeLoanRepaymentsScenarios" data-provider="test-data" finished-at="2021-09-01T18:50:43Z" duration-ms="12829" status="PASS">
          <params>
            <param index="0">
              <value>
                <![CDATA[900000]]>
              </value>
            </param>
          </params>
          <reporter-output>
          </reporter-output>
        </test-method> <!-- HomeLoanRepaymentsScenarios -->
        <test-method is-config="true" signature="extentLoggerInitializer(java.lang.reflect.Method)[pri:0, instance:com.commbank.HomeLoanRepayment.automation.tests.AllTests@7c9d8e2]" started-at="2021-09-01T18:50:30Z" name="extentLoggerInitializer" finished-at="2021-09-01T18:50:30Z" duration-ms="0" status="PASS">
          <params>
            <param index="0">
              <value>
                <![CDATA[public void com.commbank.HomeLoanRepayment.automation.tests.AllTests.HomeLoanRepaymentsScenarios(java.lang.String) throws java.io.IOException]]>
              </value>
            </param>
          </params>
          <reporter-output>
          </reporter-output>
        </test-method> <!-- extentLoggerInitializer -->
        <test-method is-config="true" signature="tearDown(org.testng.ITestResult)[pri:0, instance:com.commbank.HomeLoanRepayment.automation.tests.AllTests@7c9d8e2]" started-at="2021-09-01T18:50:43Z" name="tearDown" finished-at="2021-09-01T18:50:43Z" duration-ms="1" status="PASS">
          <params>
            <param index="0">
              <value>
                <![CDATA[[TestResult name=HomeLoanRepaymentsScenarios status=SUCCESS method=AllTests.HomeLoanRepaymentsScenarios(java.lang.String)[pri:0, instance:com.commbank.HomeLoanRepayment.automation.tests.AllTests@7c9d8e2] output={null}]]]>
              </value>
            </param>
          </params>
          <reporter-output>
          </reporter-output>
        </test-method> <!-- tearDown -->
        <test-method is-config="true" signature="extentLoggerInitializer(java.lang.reflect.Method)[pri:0, instance:com.commbank.HomeLoanRepayment.automation.tests.AllTests@7c9d8e2]" started-at="2021-09-01T18:50:43Z" name="extentLoggerInitializer" finished-at="2021-09-01T18:50:43Z" duration-ms="0" status="PASS">
          <params>
            <param index="0">
              <value>
                <![CDATA[public void com.commbank.HomeLoanRepayment.automation.tests.AllTests.HomeLoanRepaymentsScenarios(java.lang.String) throws java.io.IOException]]>
              </value>
            </param>
          </params>
          <reporter-output>
          </reporter-output>
        </test-method> <!-- extentLoggerInitializer -->
        <test-method signature="HomeLoanRepaymentsScenarios(java.lang.String)[pri:0, instance:com.commbank.HomeLoanRepayment.automation.tests.AllTests@7c9d8e2]" started-at="2021-09-01T18:50:43Z" name="HomeLoanRepaymentsScenarios" data-provider="test-data" finished-at="2021-09-01T18:50:56Z" duration-ms="12733" status="PASS">
          <params>
            <param index="0">
              <value>
                <![CDATA[800000]]>
              </value>
            </param>
          </params>
          <reporter-output>
          </reporter-output>
        </test-method> <!-- HomeLoanRepaymentsScenarios -->
        <test-method is-config="true" signature="tearDown(org.testng.ITestResult)[pri:0, instance:com.commbank.HomeLoanRepayment.automation.tests.AllTests@7c9d8e2]" started-at="2021-09-01T18:50:56Z" name="tearDown" finished-at="2021-09-01T18:50:56Z" duration-ms="1" status="PASS">
          <params>
            <param index="0">
              <value>
                <![CDATA[[TestResult name=HomeLoanRepaymentsScenarios status=SUCCESS method=AllTests.HomeLoanRepaymentsScenarios(java.lang.String)[pri:0, instance:com.commbank.HomeLoanRepayment.automation.tests.AllTests@7c9d8e2] output={null}]]]>
              </value>
            </param>
          </params>
          <reporter-output>
          </reporter-output>
        </test-method> <!-- tearDown -->
        <test-method is-config="true" signature="extentLoggerInitializer(java.lang.reflect.Method)[pri:0, instance:com.commbank.HomeLoanRepayment.automation.tests.AllTests@7c9d8e2]" started-at="2021-09-01T18:50:56Z" name="extentLoggerInitializer" finished-at="2021-09-01T18:50:56Z" duration-ms="1" status="PASS">
          <params>
            <param index="0">
              <value>
                <![CDATA[public void com.commbank.HomeLoanRepayment.automation.tests.AllTests.HomeLoanRepaymentsScenarios(java.lang.String) throws java.io.IOException]]>
              </value>
            </param>
          </params>
          <reporter-output>
          </reporter-output>
        </test-method> <!-- extentLoggerInitializer -->
        <test-method signature="HomeLoanRepaymentsScenarios(java.lang.String)[pri:0, instance:com.commbank.HomeLoanRepayment.automation.tests.AllTests@7c9d8e2]" started-at="2021-09-01T18:50:56Z" name="HomeLoanRepaymentsScenarios" data-provider="test-data" finished-at="2021-09-01T18:51:08Z" duration-ms="12713" status="PASS">
          <params>
            <param index="0">
              <value>
                <![CDATA[700000]]>
              </value>
            </param>
          </params>
          <reporter-output>
          </reporter-output>
        </test-method> <!-- HomeLoanRepaymentsScenarios -->
        <test-method is-config="true" signature="tearDown(org.testng.ITestResult)[pri:0, instance:com.commbank.HomeLoanRepayment.automation.tests.AllTests@7c9d8e2]" started-at="2021-09-01T18:51:08Z" name="tearDown" finished-at="2021-09-01T18:51:08Z" duration-ms="1" status="PASS">
          <params>
            <param index="0">
              <value>
                <![CDATA[[TestResult name=HomeLoanRepaymentsScenarios status=SUCCESS method=AllTests.HomeLoanRepaymentsScenarios(java.lang.String)[pri:0, instance:com.commbank.HomeLoanRepayment.automation.tests.AllTests@7c9d8e2] output={null}]]]>
              </value>
            </param>
          </params>
          <reporter-output>
          </reporter-output>
        </test-method> <!-- tearDown -->
        <test-method signature="HomeLoanRepaymentsScenarios(java.lang.String)[pri:0, instance:com.commbank.HomeLoanRepayment.automation.tests.AllTests@7c9d8e2]" started-at="2021-09-01T18:51:08Z" name="HomeLoanRepaymentsScenarios" data-provider="test-data" finished-at="2021-09-01T18:51:21Z" duration-ms="12619" status="PASS">
          <params>
            <param index="0">
              <value>
                <![CDATA[600000]]>
              </value>
            </param>
          </params>
          <reporter-output>
          </reporter-output>
        </test-method> <!-- HomeLoanRepaymentsScenarios -->
        <test-method is-config="true" signature="extentLoggerInitializer(java.lang.reflect.Method)[pri:0, instance:com.commbank.HomeLoanRepayment.automation.tests.AllTests@7c9d8e2]" started-at="2021-09-01T18:51:08Z" name="extentLoggerInitializer" finished-at="2021-09-01T18:51:08Z" duration-ms="0" status="PASS">
          <params>
            <param index="0">
              <value>
                <![CDATA[public void com.commbank.HomeLoanRepayment.automation.tests.AllTests.HomeLoanRepaymentsScenarios(java.lang.String) throws java.io.IOException]]>
              </value>
            </param>
          </params>
          <reporter-output>
          </reporter-output>
        </test-method> <!-- extentLoggerInitializer -->
        <test-method is-config="true" signature="extentLoggerInitializer(java.lang.reflect.Method)[pri:0, instance:com.commbank.HomeLoanRepayment.automation.tests.AllTests@7c9d8e2]" started-at="2021-09-01T18:51:21Z" name="extentLoggerInitializer" finished-at="2021-09-01T18:51:21Z" duration-ms="1" status="PASS">
          <params>
            <param index="0">
              <value>
                <![CDATA[public void com.commbank.HomeLoanRepayment.automation.tests.AllTests.HomeLoanRepaymentsScenarios(java.lang.String) throws java.io.IOException]]>
              </value>
            </param>
          </params>
          <reporter-output>
          </reporter-output>
        </test-method> <!-- extentLoggerInitializer -->
        <test-method is-config="true" signature="tearDown(org.testng.ITestResult)[pri:0, instance:com.commbank.HomeLoanRepayment.automation.tests.AllTests@7c9d8e2]" started-at="2021-09-01T18:51:21Z" name="tearDown" finished-at="2021-09-01T18:51:21Z" duration-ms="0" status="PASS">
          <params>
            <param index="0">
              <value>
                <![CDATA[[TestResult name=HomeLoanRepaymentsScenarios status=SUCCESS method=AllTests.HomeLoanRepaymentsScenarios(java.lang.String)[pri:0, instance:com.commbank.HomeLoanRepayment.automation.tests.AllTests@7c9d8e2] output={null}]]]>
              </value>
            </param>
          </params>
          <reporter-output>
          </reporter-output>
        </test-method> <!-- tearDown -->
        <test-method signature="HomeLoanRepaymentsScenarios(java.lang.String)[pri:0, instance:com.commbank.HomeLoanRepayment.automation.tests.AllTests@7c9d8e2]" started-at="2021-09-01T18:51:21Z" name="HomeLoanRepaymentsScenarios" data-provider="test-data" finished-at="2021-09-01T18:51:34Z" duration-ms="12648" status="PASS">
          <params>
            <param index="0">
              <value>
                <![CDATA[500000]]>
              </value>
            </param>
          </params>
          <reporter-output>
          </reporter-output>
        </test-method> <!-- HomeLoanRepaymentsScenarios -->
        <test-method is-config="true" signature="tearDown(org.testng.ITestResult)[pri:0, instance:com.commbank.HomeLoanRepayment.automation.tests.AllTests@7c9d8e2]" started-at="2021-09-01T18:51:34Z" name="tearDown" finished-at="2021-09-01T18:51:34Z" duration-ms="0" status="PASS">
          <params>
            <param index="0">
              <value>
                <![CDATA[[TestResult name=HomeLoanRepaymentsScenarios status=SUCCESS method=AllTests.HomeLoanRepaymentsScenarios(java.lang.String)[pri:0, instance:com.commbank.HomeLoanRepayment.automation.tests.AllTests@7c9d8e2] output={null}]]]>
              </value>
            </param>
          </params>
          <reporter-output>
          </reporter-output>
        </test-method> <!-- tearDown -->
        <test-method is-config="true" signature="closeBrowser()[pri:0, instance:com.commbank.HomeLoanRepayment.automation.tests.AllTests@7c9d8e2]" started-at="2021-09-01T18:51:34Z" name="closeBrowser" finished-at="2021-09-01T18:51:34Z" duration-ms="836" status="PASS">
          <reporter-output>
          </reporter-output>
        </test-method> <!-- closeBrowser -->
        <test-method is-config="true" signature="testClosure()[pri:0, instance:com.commbank.HomeLoanRepayment.automation.tests.AllTests@7c9d8e2]" started-at="2021-09-01T18:51:34Z" name="testClosure" finished-at="2021-09-01T18:51:35Z" duration-ms="579" status="PASS">
          <reporter-output>
          </reporter-output>
        </test-method> <!-- testClosure -->
        <test-method is-config="true" signature="tearDown()[pri:0, instance:com.commbank.HomeLoanRepayment.automation.tests.AllTests@7c9d8e2]" started-at="2021-09-01T18:51:35Z" name="tearDown" finished-at="2021-09-01T18:51:35Z" duration-ms="0" status="PASS">
          <reporter-output>
          </reporter-output>
        </test-method> <!-- tearDown -->
      </class> <!-- com.commbank.HomeLoanRepayment.automation.tests.AllTests -->
    </test> <!-- Test HomeLoanRepayment -->
  </suite> <!-- Suite -->
</testng-results>
